/////////////////////////////////////////////////////////////////////////
//  This code is written at SYNOPSYS, Inc.
/////////////////////////////////////////////////////////////////////////
//  Module   : main of CPU Model
//  Author   : Martin Wang
//  Company  : SYNOPSYS, Inc.
//  Purpose  : This is a simple CPU modeling using SystemC.
//             Instruction Set Architecure defined by Martin Wang.
//             
//           SystemC (TM) Copyright (c) 1988-2014 by Synopsys, Inc.  
//             
/////////////////////////////////////////////////////////////////////////
// IN THIS MACHINE Integer is 4 bytes.
// IN THIS MACHINE Floating is 4 bytes.
// IN THIS MACHINE Double is 8 bytes.
//     
//     
//                            .,,uod8B8bou,,.
//                   ..,uod8BBBBBBBBBBBBBBBBRPFT?l!i:.
//              ,=m8BBBBBBBBBBBBBBBRPFT?!||||||||||||||
//              !...:!TVBBBRPFT||||||||||!!^^""    ||||
//              !.......:!?|||||!!^^""'            ||||
//              !.........||||        ###  #  #    ||||
//              !.........||||  ###  #  #  #  #    ||||
//              !.........|||| #     #  #  #  #    ||||
//              !.........|||| #     # #   #  #    ||||
//              !.........|||| #     ##    #  #    ||||
//              !.........|||| #     #     ###     ||||
//              `.........|||| #   # #            ,||||
//               .;.......||||  ###          _.-!!|||||
//        .,uodWBBBBb.....||||       _.-!!|||||||||!:'
//     !YBBBBBBBBBBBBBBb..!|||:..-!!|||||||!iof68BBBBBb....
//     !..YBBBBBBBBBBBBBBb!!||||||||!iof68BBBBBBRPFT?!::   `.
//     !....YBBBBBBBBBBBBBBbaaitf68BBBBBBRPFT?!:::::::::     `.
//     !......YBBBBBBBBBBBBBBBBBBBRPFT?!::::::;:!^"`;:::       `.
//     !........YBBBBBBBBBBRPFT?!::::::::::^''...::::::;         iBBbo.
//     `..........YBRPFT?!::::::::::::::::::::::::;iof68bo.      WBBBBbo.
//       `..........:::::::::::::::::::::::;iof688888888888b.     `YBBBP^'
//         `........::88::::::::::::;iof688888888888888888888b.     `
//           `......::81:::::;iof688888888888888888888888888888b.
//             `....:::;iof688888888888888888888888888888888899fT!
//               `..::!8888888888888888888888888888888899fT|!^"'
//                 `' !!988888888888888888888888899fT|!^"'
//                     `!!8888888888888888899fT|!^"'
//                       `!988888888899fT|!^"'
//                         `!9899fT|!^"'
//                           `!^"'
//     
//     
/////////////////////////////////////////////////////////////////////////


** ALERT ** ID: initialize Architectural Registers
** ALERT ** BIOS: initialize BIOS
** ALERT ** DCU: initialize Data Cache
-----------------------
IFU : mem=0xf000001
IFU : pc= 1 at CSIM 5 ns
-----------------------
			-------------------------------
			ID: R0=R0(=0) 
			  : at CSIM 7 ns
			-------------------------------
							-------------------------------
							ALU : op= 3 A= 0 B= 0
							ALU : R= 0-> R0 at CSIM 9 ns
							-------------------------------
			-------------------------------
			ID: R0=0x0(0) fr ALU at CSIM 10 ns
			-------------------------------
------------------------
IFU : mem=0xf000002
IFU : pc= 2 at CSIM 12 ns
------------------------
			-------------------------------
			ID: R0=R0(=0) 
			  : at CSIM 14 ns
			-------------------------------
							-------------------------------
							ALU : op= 3 A= 0 B= 0
							ALU : R= 0-> R0 at CSIM 16 ns
							-------------------------------
			-------------------------------
			ID: R0=0x0(0) fr ALU at CSIM 17 ns
			-------------------------------
------------------------
IFU : mem=0xf000003
IFU : pc= 3 at CSIM 19 ns
------------------------
			-------------------------------
			ID: R0=R0(=0) 
			  : at CSIM 21 ns
			-------------------------------
							-------------------------------
							ALU : op= 3 A= 0 B= 0
							ALU : R= 0-> R0 at CSIM 23 ns
							-------------------------------
			-------------------------------
			ID: R0=0x0(0) fr ALU at CSIM 24 ns
			-------------------------------
------------------------
IFU : mem=0xf000004
IFU : pc= 4 at CSIM 26 ns
------------------------
			-------------------------------
			ID: R0=R0(=0) 
			  : at CSIM 28 ns
			-------------------------------
							-------------------------------
							ALU : op= 3 A= 0 B= 0
							ALU : R= 0-> R0 at CSIM 30 ns
							-------------------------------
ICU ALERT: *********************************************************************
         : *****************************AFTER RESET*****************************
ICU ALERT: *********************************************************************
			-------------------------------
			ID: R0=0x0(0) fr ALU at CSIM 31 ns
			-------------------------------
------------------------
IFU : mem=0xf0000000
IFU : pc= 5 at CSIM 33 ns
------------------------
			-------------------------------
			ID: ld pid =0 
			  : at CSIM 35 ns
			-------------------------------
------------------------
IFU : mem=0x0
IFU : pc= 6 at CSIM 40 ns
------------------------
			-------------------------------


			*******************************
			ID: REGISTERS DUMP at CSIM 42 ns
			*******************************
REG :==================================================================
  R 0(00000000)    R 1(00000001)    R 2(fff000e2)    R 3(ffffffff)  
  R 4(00000004)    R 5(00000005)    R 6(00000006)    R 7(fcf0fdef)  
  R 8(00000008)    R 9(00000009)    R10(00000010)    R11(0000ff31)  
  R12(0000ff12)    R13(00000013)    R14(00000014)    R15(00000015)  
  R16(00000016)    R17(00fe0117)    R18(00fe0118)    R19(00fe0119)  
  R20(00fe0220)    R21(00fe0321)    R22(00fe0322)    R23(00ff0423)  
  R24(00ff0524)    R25(00ff0625)    R26(00ff0726)    R27(00ff0727)  
  R28(00f70728)    R29(00000029)    R30(00000030)    R31(00000031)  
=======================================================================

------------------------
IFU : mem=0x1113000
IFU : pc= 7 at CSIM 47 ns
------------------------
			-------------------------------
			ID: R1= R1(=1)+R3(=-1) 
			  : at CSIM 49 ns
			-------------------------------
							-------------------------------
							ALU : op= 3 A= 1 B= -1
							ALU : R= 0-> R1 at CSIM 51 ns
							-------------------------------
			-------------------------------
			ID: R1=0x0(0) fr ALU at CSIM 52 ns
			-------------------------------
------------------------
IFU : mem=0x0
IFU : pc= 8 at CSIM 54 ns
------------------------
			-------------------------------


			*******************************
			ID: REGISTERS DUMP at CSIM 56 ns
			*******************************
REG :==================================================================
  R 0(00000000)    R 1(00000000)    R 2(fff000e2)    R 3(ffffffff)  
  R 4(00000004)    R 5(00000005)    R 6(00000006)    R 7(fcf0fdef)  
  R 8(00000008)    R 9(00000009)    R10(00000010)    R11(0000ff31)  
  R12(0000ff12)    R13(00000013)    R14(00000014)    R15(00000015)  
  R16(00000016)    R17(00fe0117)    R18(00fe0118)    R19(00fe0119)  
  R20(00fe0220)    R21(00fe0321)    R22(00fe0322)    R23(00ff0423)  
  R24(00ff0524)    R25(00ff0625)    R26(00ff0726)    R27(00ff0727)  
  R28(00f70728)    R29(00000029)    R30(00000030)    R31(00000031)  
=======================================================================

------------------------
IFU : mem=0x213000e
IFU : pc= 9 at CSIM 61 ns
------------------------
			-------------------------------
			ID: R1= R3(=-1)+14 
			  : at CSIM 63 ns
			-------------------------------
							-------------------------------
							ALU : op= 3 A= -1 B= 14
							ALU : R= 13-> R1 at CSIM 65 ns
							-------------------------------
			-------------------------------
			ID: R1=0xd(13) fr ALU at CSIM 66 ns
			-------------------------------
------------------------
IFU : mem=0x0
IFU : pc= a at CSIM 68 ns
------------------------
			-------------------------------


			*******************************
			ID: REGISTERS DUMP at CSIM 70 ns
			*******************************
REG :==================================================================
  R 0(00000000)    R 1(0000000d)    R 2(fff000e2)    R 3(ffffffff)  
  R 4(00000004)    R 5(00000005)    R 6(00000006)    R 7(fcf0fdef)  
  R 8(00000008)    R 9(00000009)    R10(00000010)    R11(0000ff31)  
  R12(0000ff12)    R13(00000013)    R14(00000014)    R15(00000015)  
  R16(00000016)    R17(00fe0117)    R18(00fe0118)    R19(00fe0119)  
  R20(00fe0220)    R21(00fe0321)    R22(00fe0322)    R23(00ff0423)  
  R24(00ff0524)    R25(00ff0625)    R26(00ff0726)    R27(00ff0727)  
  R28(00f70728)    R29(00000029)    R30(00000030)    R31(00000031)  
=======================================================================

------------------------
IFU : mem=0x29322000
IFU : pc= b at CSIM 75 ns
------------------------
			-------------------------------
			ID: FR3=FR2(=fff000e2)+FR2(=fff000e2) 
			  : at CSIM 77 ns
			-------------------------------
							-------------------------------
							FPU: A s=0x1, exp=0xff, mant=0x7000e2
							   : B s=0x1, exp=0xff, mant=0x7000e2
							   : exponent difference = 0
							-------------------------------
							-------------------------------
							FPU: After Alignment
							FPU: A s=0x1, exp=0xff, mant=0x7000e2
							   : B s=0x1, exp=0xff, mant=0x7000e2
							-------------------------------
							-------------------------------
							FPU: Result   Sign=0x1.
							   : Result   Mantissa=0xe001c4.
							   : Result   Exponent=0x100.
							   : Overflow Mantissa=0x1.
							   : FADD FPU Output =0x80400388.
							   : at CSIM 80 ns
							-------------------------------
			-------------------------------
			ID: R3=0x80400388 fr MMX at CSIM 81 ns
			-------------------------------
------------------------
IFU : mem=0x0
IFU : pc= c at CSIM 82 ns
------------------------
			-------------------------------


			*******************************
			ID: REGISTERS DUMP at CSIM 84 ns
			*******************************
REG :==================================================================
  R 0(00000000)    R 1(0000000d)    R 2(fff000e2)    R 3(80400388)  
  R 4(00000004)    R 5(00000005)    R 6(00000006)    R 7(fcf0fdef)  
  R 8(00000008)    R 9(00000009)    R10(00000010)    R11(0000ff31)  
  R12(0000ff12)    R13(00000013)    R14(00000014)    R15(00000015)  
  R16(00000016)    R17(00fe0117)    R18(00fe0118)    R19(00fe0119)  
  R20(00fe0220)    R21(00fe0321)    R22(00fe0322)    R23(00ff0423)  
  R24(00ff0524)    R25(00ff0625)    R26(00ff0726)    R27(00ff0727)  
  R28(00f70728)    R29(00000029)    R30(00000030)    R31(00000031)  
=======================================================================

------------------------
IFU : mem=0x2babb000
IFU : pc= d at CSIM 89 ns
------------------------
			-------------------------------
			ID: FR10=FR11(=ff31)*FR11(=ff31) 
			  : at CSIM 91 ns
			-------------------------------
							-------------------------------
							FPU: A s=0x0, exp=0x0, mant=0xff31
							   : B s=0x0, exp=0x0, mant=0xff31
							   : exponent difference = 0
							-------------------------------
							-------------------------------
							FPU: After Alignment
							FPU: A s=0x0, exp=0x0, mant=0xff31
							   : B s=0x0, exp=0x0, mant=0xff31
							-------------------------------
							-------------------------------
							FPU: Result   Sign=0x0.
							   : Result   Mantissa=0xfe62a761.
							   : Result   Exponent=0x1fc.
							   : Overflow Mantissa=0x1fc.
							   : FMUL FPU Output =0x7e000000.
							   : at CSIM 94 ns
							-------------------------------
			-------------------------------
			ID: R10=0x7e000000 fr MMX at CSIM 95 ns
			-------------------------------
------------------------
IFU : mem=0x0
IFU : pc= e at CSIM 96 ns
------------------------
			-------------------------------


			*******************************
			ID: REGISTERS DUMP at CSIM 98 ns
			*******************************
REG :==================================================================
  R 0(00000000)    R 1(0000000d)    R 2(fff000e2)    R 3(80400388)  
  R 4(00000004)    R 5(00000005)    R 6(00000006)    R 7(fcf0fdef)  
  R 8(00000008)    R 9(00000009)    R10(7e000000)    R11(0000ff31)  
  R12(0000ff12)    R13(00000013)    R14(00000014)    R15(00000015)  
  R16(00000016)    R17(00fe0117)    R18(00fe0118)    R19(00fe0119)  
  R20(00fe0220)    R21(00fe0321)    R22(00fe0322)    R23(00ff0423)  
  R24(00ff0524)    R25(00ff0625)    R26(00ff0726)    R27(00ff0727)  
  R28(00f70728)    R29(00000029)    R30(00000030)    R31(00000031)  
=======================================================================

------------------------
IFU : mem=0x4456000
IFU : pc= f at CSIM 103 ns
------------------------
			-------------------------------
			ID: R4=R5(=5)-R6(=6) 
			  : at CSIM 105 ns
			-------------------------------
							-------------------------------
							ALU : op= 4 A= 5 B= 6
							ALU : R= -1-> R4 at CSIM 107 ns
							-------------------------------
			-------------------------------
			ID: R4=0xffffffff(-1) fr ALU at CSIM 108 ns
			-------------------------------
------------------------
IFU : mem=0x0
IFU : pc= 10 at CSIM 110 ns
------------------------
			-------------------------------


			*******************************
			ID: REGISTERS DUMP at CSIM 112 ns
			*******************************
REG :==================================================================
  R 0(00000000)    R 1(0000000d)    R 2(fff000e2)    R 3(80400388)  
  R 4(ffffffff)    R 5(00000005)    R 6(00000006)    R 7(fcf0fdef)  
  R 8(00000008)    R 9(00000009)    R10(7e000000)    R11(0000ff31)  
  R12(0000ff12)    R13(00000013)    R14(00000014)    R15(00000015)  
  R16(00000016)    R17(00fe0117)    R18(00fe0118)    R19(00fe0119)  
  R20(00fe0220)    R21(00fe0321)    R22(00fe0322)    R23(00ff0423)  
  R24(00ff0524)    R25(00ff0625)    R26(00ff0726)    R27(00ff0727)  
  R28(00f70728)    R29(00000029)    R30(00000030)    R31(00000031)  
=======================================================================

------------------------
IFU : mem=0xf150000a
IFU : pc= 11 at CSIM 117 ns
------------------------
			-------------------------------
			ID: R5=10 at CSIM 119 ns
			-------------------------------
							-------------------------------
							ALU : op= 3 A= 10 B= 0
							ALU : R= 10-> R5 at CSIM 121 ns
							-------------------------------
			-------------------------------
			ID: R5=0xa(10) fr ALU at CSIM 122 ns
			-------------------------------
------------------------
IFU : mem=0x0
IFU : pc= 12 at CSIM 124 ns
------------------------
			-------------------------------


			*******************************
			ID: REGISTERS DUMP at CSIM 126 ns
			*******************************
REG :==================================================================
  R 0(00000000)    R 1(0000000d)    R 2(fff000e2)    R 3(80400388)  
  R 4(ffffffff)    R 5(0000000a)    R 6(00000006)    R 7(fcf0fdef)  
  R 8(00000008)    R 9(00000009)    R10(7e000000)    R11(0000ff31)  
  R12(0000ff12)    R13(00000013)    R14(00000014)    R15(00000015)  
  R16(00000016)    R17(00fe0117)    R18(00fe0118)    R19(00fe0119)  
  R20(00fe0220)    R21(00fe0321)    R22(00fe0322)    R23(00ff0423)  
  R24(00ff0524)    R25(00ff0625)    R26(00ff0726)    R27(00ff0727)  
  R28(00f70728)    R29(00000029)    R30(00000030)    R31(00000031)  
=======================================================================

------------------------
IFU : mem=0xf1000000
IFU : pc= 13 at CSIM 131 ns
------------------------
			-------------------------------
			ID: R0=0 at CSIM 133 ns
			-------------------------------
							-------------------------------
							ALU : op= 3 A= 0 B= 0
							ALU : R= 0-> R0 at CSIM 135 ns
							-------------------------------
			-------------------------------
			ID: R0=0x0(0) fr ALU at CSIM 136 ns
			-------------------------------
------------------------
IFU : mem=0x0
IFU : pc= 14 at CSIM 138 ns
------------------------
			-------------------------------


			*******************************
			ID: REGISTERS DUMP at CSIM 140 ns
			*******************************
REG :==================================================================
  R 0(00000000)    R 1(0000000d)    R 2(fff000e2)    R 3(80400388)  
  R 4(ffffffff)    R 5(0000000a)    R 6(00000006)    R 7(fcf0fdef)  
  R 8(00000008)    R 9(00000009)    R10(7e000000)    R11(0000ff31)  
  R12(0000ff12)    R13(00000013)    R14(00000014)    R15(00000015)  
  R16(00000016)    R17(00fe0117)    R18(00fe0118)    R19(00fe0119)  
  R20(00fe0220)    R21(00fe0321)    R22(00fe0322)    R23(00ff0423)  
  R24(00ff0524)    R25(00ff0625)    R26(00ff0726)    R27(00ff0727)  
  R28(00f70728)    R29(00000029)    R30(00000030)    R31(00000031)  
=======================================================================

------------------------
IFU : mem=0x5450012
IFU : pc= 15 at CSIM 145 ns
------------------------
			-------------------------------
			ID: R4=R5(=10)-18 
			  : at CSIM 147 ns
			-------------------------------
							-------------------------------
							ALU : op= 4 A= 10 B= 18
							ALU : R= -8-> R4 at CSIM 149 ns
							-------------------------------
			-------------------------------
			ID: R4=0xfffffff8(-8) fr ALU at CSIM 150 ns
			-------------------------------
------------------------
IFU : mem=0x0
IFU : pc= 16 at CSIM 152 ns
------------------------
			-------------------------------


			*******************************
			ID: REGISTERS DUMP at CSIM 154 ns
			*******************************
REG :==================================================================
  R 0(00000000)    R 1(0000000d)    R 2(fff000e2)    R 3(80400388)  
  R 4(fffffff8)    R 5(0000000a)    R 6(00000006)    R 7(fcf0fdef)  
  R 8(00000008)    R 9(00000009)    R10(7e000000)    R11(0000ff31)  
  R12(0000ff12)    R13(00000013)    R14(00000014)    R15(00000015)  
  R16(00000016)    R17(00fe0117)    R18(00fe0118)    R19(00fe0119)  
  R20(00fe0220)    R21(00fe0321)    R22(00fe0322)    R23(00ff0423)  
  R24(00ff0524)    R25(00ff0625)    R26(00ff0726)    R27(00ff0727)  
  R28(00f70728)    R29(00000029)    R30(00000030)    R31(00000031)  
=======================================================================

------------------------
IFU : mem=0x7114000
IFU : pc= 17 at CSIM 159 ns
------------------------
			-------------------------------
			ID: R1=R1(=13)*R4(=-8) 
			  : at CSIM 161 ns
			-------------------------------
							-------------------------------
							ALU : op= 5 A= 13 B= -8
							ALU : R= -104-> R1 at CSIM 164 ns
							-------------------------------
			-------------------------------
			ID: R1=0xffffff98(-104) fr ALU at CSIM 165 ns
			-------------------------------
------------------------
IFU : mem=0x0
IFU : pc= 18 at CSIM 166 ns
------------------------
			-------------------------------


			*******************************
			ID: REGISTERS DUMP at CSIM 168 ns
			*******************************
REG :==================================================================
  R 0(00000000)    R 1(ffffff98)    R 2(fff000e2)    R 3(80400388)  
  R 4(fffffff8)    R 5(0000000a)    R 6(00000006)    R 7(fcf0fdef)  
  R 8(00000008)    R 9(00000009)    R10(7e000000)    R11(0000ff31)  
  R12(0000ff12)    R13(00000013)    R14(00000014)    R15(00000015)  
  R16(00000016)    R17(00fe0117)    R18(00fe0118)    R19(00fe0119)  
  R20(00fe0220)    R21(00fe0321)    R22(00fe0322)    R23(00ff0423)  
  R24(00ff0524)    R25(00ff0625)    R26(00ff0726)    R27(00ff0727)  
  R28(00f70728)    R29(00000029)    R30(00000030)    R31(00000031)  
=======================================================================

------------------------
IFU : mem=0x246000e
IFU : pc= 19 at CSIM 173 ns
------------------------
			-------------------------------
			ID: R4= R6(=6)+14 
			  : at CSIM 175 ns
			-------------------------------
							-------------------------------
							ALU : op= 3 A= 6 B= 14
							ALU : R= 20-> R4 at CSIM 177 ns
							-------------------------------
			-------------------------------
			ID: R4=0x14(20) fr ALU at CSIM 178 ns
			-------------------------------
------------------------
IFU : mem=0x0
IFU : pc= 1a at CSIM 180 ns
------------------------
			-------------------------------


			*******************************
			ID: REGISTERS DUMP at CSIM 182 ns
			*******************************
REG :==================================================================
  R 0(00000000)    R 1(ffffff98)    R 2(fff000e2)    R 3(80400388)  
  R 4(00000014)    R 5(0000000a)    R 6(00000006)    R 7(fcf0fdef)  
  R 8(00000008)    R 9(00000009)    R10(7e000000)    R11(0000ff31)  
  R12(0000ff12)    R13(00000013)    R14(00000014)    R15(00000015)  
  R16(00000016)    R17(00fe0117)    R18(00fe0118)    R19(00fe0119)  
  R20(00fe0220)    R21(00fe0321)    R22(00fe0322)    R23(00ff0423)  
  R24(00ff0524)    R25(00ff0625)    R26(00ff0726)    R27(00ff0727)  
  R28(00f70728)    R29(00000029)    R30(00000030)    R31(00000031)  
=======================================================================

------------------------
IFU : mem=0x9adf000
IFU : pc= 1b at CSIM 187 ns
------------------------
			-------------------------------
			ID: R10=R13(=13) nand R15(=15) 
			  : at CSIM 189 ns
			-------------------------------
							-------------------------------
							ALU : op= 7 A= 19 B= 21
							ALU : R= -18-> R10 at CSIM 191 ns
							-------------------------------
			-------------------------------
			ID: R10=0xffffffee(-18) fr ALU at CSIM 192 ns
			-------------------------------
------------------------
IFU : mem=0x0
IFU : pc= 1c at CSIM 194 ns
------------------------
			-------------------------------


			*******************************
			ID: REGISTERS DUMP at CSIM 196 ns
			*******************************
REG :==================================================================
  R 0(00000000)    R 1(ffffff98)    R 2(fff000e2)    R 3(80400388)  
  R 4(00000014)    R 5(0000000a)    R 6(00000006)    R 7(fcf0fdef)  
  R 8(00000008)    R 9(00000009)    R10(ffffffee)    R11(0000ff31)  
  R12(0000ff12)    R13(00000013)    R14(00000014)    R15(00000015)  
  R16(00000016)    R17(00fe0117)    R18(00fe0118)    R19(00fe0119)  
  R20(00fe0220)    R21(00fe0321)    R22(00fe0322)    R23(00ff0423)  
  R24(00ff0524)    R25(00ff0625)    R26(00ff0726)    R27(00ff0727)  
  R28(00f70728)    R29(00000029)    R30(00000030)    R31(00000031)  
=======================================================================

------------------------
IFU : mem=0x2000001
IFU : pc= 1d at CSIM 201 ns
------------------------
			-------------------------------
			ID: R0= R0(=0)+1 
			  : at CSIM 203 ns
			-------------------------------
							-------------------------------
							ALU : op= 3 A= 0 B= 1
							ALU : R= 1-> R0 at CSIM 205 ns
							-------------------------------
			-------------------------------
			ID: R0=0x1(1) fr ALU at CSIM 206 ns
			-------------------------------
------------------------
IFU : mem=0x0
IFU : pc= 1e at CSIM 208 ns
------------------------
			-------------------------------


			*******************************
			ID: REGISTERS DUMP at CSIM 210 ns
			*******************************
REG :==================================================================
  R 0(00000001)    R 1(ffffff98)    R 2(fff000e2)    R 3(80400388)  
  R 4(00000014)    R 5(0000000a)    R 6(00000006)    R 7(fcf0fdef)  
  R 8(00000008)    R 9(00000009)    R10(ffffffee)    R11(0000ff31)  
  R12(0000ff12)    R13(00000013)    R14(00000014)    R15(00000015)  
  R16(00000016)    R17(00fe0117)    R18(00fe0118)    R19(00fe0119)  
  R20(00fe0220)    R21(00fe0321)    R22(00fe0322)    R23(00ff0423)  
  R24(00ff0524)    R25(00ff0625)    R26(00ff0726)    R27(00ff0727)  
  R28(00f70728)    R29(00000029)    R30(00000030)    R31(00000031)  
=======================================================================

------------------------
IFU : mem=0xf1b0000a
IFU : pc= 1f at CSIM 215 ns
------------------------
			-------------------------------
			ID: R11=10 at CSIM 217 ns
			-------------------------------
							-------------------------------
							ALU : op= 3 A= 10 B= 0
							ALU : R= 10-> R11 at CSIM 219 ns
							-------------------------------
			-------------------------------
			ID: R11=0xa(10) fr ALU at CSIM 220 ns
			-------------------------------
------------------------
IFU : mem=0x0
IFU : pc= 20 at CSIM 222 ns
------------------------
			-------------------------------


			*******************************
			ID: REGISTERS DUMP at CSIM 224 ns
			*******************************
REG :==================================================================
  R 0(00000001)    R 1(ffffff98)    R 2(fff000e2)    R 3(80400388)  
  R 4(00000014)    R 5(0000000a)    R 6(00000006)    R 7(fcf0fdef)  
  R 8(00000008)    R 9(00000009)    R10(ffffffee)    R11(0000000a)  
  R12(0000ff12)    R13(00000013)    R14(00000014)    R15(00000015)  
  R16(00000016)    R17(00fe0117)    R18(00fe0118)    R19(00fe0119)  
  R20(00fe0220)    R21(00fe0321)    R22(00fe0322)    R23(00ff0423)  
  R24(00ff0524)    R25(00ff0625)    R26(00ff0726)    R27(00ff0727)  
  R28(00f70728)    R29(00000029)    R30(00000030)    R31(00000031)  
=======================================================================

------------------------
IFU : mem=0x10500001
IFU : pc= 21 at CSIM 229 ns
------------------------
			-------------------------------
			ID: beq R5(=10) != R0(=1),pc++.
			ID: at CSIM 231 ns
			-------------------------------
							-------------------------------
							ALU : op= 3 A= 0 B= 0
							ALU : R= 0-> R0 at CSIM 233 ns
							-------------------------------
			-------------------------------
			ID: R0=0x0(0) fr ALU at CSIM 234 ns
			-------------------------------
------------------------
IFU : mem=0x0
IFU : pc= 22 at CSIM 236 ns
------------------------
			-------------------------------


			*******************************
			ID: REGISTERS DUMP at CSIM 238 ns
			*******************************
REG :==================================================================
  R 0(00000000)    R 1(ffffff98)    R 2(fff000e2)    R 3(80400388)  
  R 4(00000014)    R 5(0000000a)    R 6(00000006)    R 7(fcf0fdef)  
  R 8(00000008)    R 9(00000009)    R10(ffffffee)    R11(0000000a)  
  R12(0000ff12)    R13(00000013)    R14(00000014)    R15(00000015)  
  R16(00000016)    R17(00fe0117)    R18(00fe0118)    R19(00fe0119)  
  R20(00fe0220)    R21(00fe0321)    R22(00fe0322)    R23(00ff0423)  
  R24(00ff0524)    R25(00ff0625)    R26(00ff0726)    R27(00ff0727)  
  R28(00f70728)    R29(00000029)    R30(00000030)    R31(00000031)  
=======================================================================

------------------------
IFU : mem=0x4dbb0001
IFU : pc= 23 at CSIM 243 ns
------------------------
			-------------------------------
			ID: R11<=mem[R11=(10)+1] 
			  : at CSIM 245 ns
			-------------------------------
------------------------
IFU : mem=0x0
IFU : pc= 24 at CSIM 250 ns
------------------------
			-------------------------------


			*******************************
			ID: REGISTERS DUMP at CSIM 252 ns
			*******************************
REG :==================================================================
  R 0(00000000)    R 1(ffffff98)    R 2(fff000e2)    R 3(80400388)  
  R 4(00000014)    R 5(0000000a)    R 6(00000006)    R 7(fcf0fdef)  
  R 8(00000008)    R 9(00000009)    R10(ffffffee)    R11(0000000a)  
  R12(0000ff12)    R13(00000013)    R14(00000014)    R15(00000015)  
  R16(00000016)    R17(00fe0117)    R18(00fe0118)    R19(00fe0119)  
  R20(00fe0220)    R21(00fe0321)    R22(00fe0322)    R23(00ff0423)  
  R24(00ff0524)    R25(00ff0625)    R26(00ff0726)    R27(00ff0727)  
  R28(00f70728)    R29(00000029)    R30(00000030)    R31(00000031)  
=======================================================================

------------------------
IFU : mem=0xaadf000
IFU : pc= 25 at CSIM 257 ns
------------------------
			-------------------------------
			ID: R10=R13(=13) and R15(=15) 
			  : at CSIM 259 ns
			-------------------------------
							-------------------------------
							ALU : op= 8 A= 19 B= 21
							ALU : R= 17-> R10 at CSIM 261 ns
							-------------------------------
			-------------------------------
			ID: R10=0x11(17) fr ALU at CSIM 262 ns
			-------------------------------
------------------------
IFU : mem=0x0
IFU : pc= 26 at CSIM 264 ns
------------------------
			-------------------------------


			*******************************
			ID: REGISTERS DUMP at CSIM 266 ns
			*******************************
REG :==================================================================
  R 0(00000000)    R 1(ffffff98)    R 2(fff000e2)    R 3(80400388)  
  R 4(00000014)    R 5(0000000a)    R 6(00000006)    R 7(fcf0fdef)  
  R 8(00000008)    R 9(00000009)    R10(00000011)    R11(0000000a)  
  R12(0000ff12)    R13(00000013)    R14(00000014)    R15(00000015)  
  R16(00000016)    R17(00fe0117)    R18(00fe0118)    R19(00fe0119)  
  R20(00fe0220)    R21(00fe0321)    R22(00fe0322)    R23(00ff0423)  
  R24(00ff0524)    R25(00ff0625)    R26(00ff0726)    R27(00ff0727)  
  R28(00f70728)    R29(00000029)    R30(00000030)    R31(00000031)  
=======================================================================

------------------------
IFU : mem=0x32dbb000
IFU : pc= 27 at CSIM 271 ns
------------------------
			-------------------------------
			ID: MR13=MR11(=a)+MR11(=a) Sat 
			  : at CSIM 273 ns
			-------------------------------
							-------------------------------
							MMX : op= PADDS A=0x a B=0x a
							MMX : C=0x 14-> Rd at CSIM 275 ns
							-------------------------------
			-------------------------------
			ID: R13=0x14 fr MMX at CSIM 276 ns
			-------------------------------
------------------------
IFU : mem=0x0
IFU : pc= 28 at CSIM 278 ns
------------------------
			-------------------------------


			*******************************
			ID: REGISTERS DUMP at CSIM 280 ns
			*******************************
REG :==================================================================
  R 0(00000000)    R 1(ffffff98)    R 2(fff000e2)    R 3(80400388)  
  R 4(00000014)    R 5(0000000a)    R 6(00000006)    R 7(fcf0fdef)  
  R 8(00000008)    R 9(00000009)    R10(00000011)    R11(0000000a)  
  R12(0000ff12)    R13(00000014)    R14(00000014)    R15(00000015)  
  R16(00000016)    R17(00fe0117)    R18(00fe0118)    R19(00fe0119)  
  R20(00fe0220)    R21(00fe0321)    R22(00fe0322)    R23(00ff0423)  
  R24(00ff0524)    R25(00ff0625)    R26(00ff0726)    R27(00ff0727)  
  R28(00f70728)    R29(00000029)    R30(00000030)    R31(00000031)  
=======================================================================

------------------------
IFU : mem=0x339a3000
IFU : pc= 29 at CSIM 285 ns
------------------------
			-------------------------------
			ID: MR9=MR10(=11)-MR3(=80400388) 
			  : at CSIM 287 ns
			-------------------------------
							-------------------------------
							MMX : op= PSUB A=0x 11 B=0x 80400388
							MMX : C=0x ffffff89-> R9 at CSIM 289 ns
							-------------------------------
			-------------------------------
			ID: R9=0xffffff89 fr MMX at CSIM 290 ns
			-------------------------------
------------------------
IFU : mem=0x0
IFU : pc= 2a at CSIM 292 ns
------------------------
			-------------------------------


			*******************************
			ID: REGISTERS DUMP at CSIM 294 ns
			*******************************
REG :==================================================================
  R 0(00000000)    R 1(ffffff98)    R 2(fff000e2)    R 3(80400388)  
  R 4(00000014)    R 5(0000000a)    R 6(00000006)    R 7(fcf0fdef)  
  R 8(00000008)    R 9(ffffff89)    R10(00000011)    R11(0000000a)  
  R12(0000ff12)    R13(00000014)    R14(00000014)    R15(00000015)  
  R16(00000016)    R17(00fe0117)    R18(00fe0118)    R19(00fe0119)  
  R20(00fe0220)    R21(00fe0321)    R22(00fe0322)    R23(00ff0423)  
  R24(00ff0524)    R25(00ff0625)    R26(00ff0726)    R27(00ff0727)  
  R28(00f70728)    R29(00000029)    R30(00000030)    R31(00000031)  
=======================================================================

------------------------
IFU : mem=0xfdd0000
IFU : pc= 2b at CSIM 299 ns
------------------------
			-------------------------------
			ID: R13=R13(=20) 
			  : at CSIM 301 ns
			-------------------------------
							-------------------------------
							ALU : op= 3 A= 20 B= 0
							ALU : R= 20-> R13 at CSIM 303 ns
							-------------------------------
			-------------------------------
			ID: R13=0x14(20) fr ALU at CSIM 304 ns
			-------------------------------
------------------------
IFU : mem=0x0
IFU : pc= 2c at CSIM 306 ns
------------------------
			-------------------------------


			*******************************
			ID: REGISTERS DUMP at CSIM 308 ns
			*******************************
REG :==================================================================
  R 0(00000000)    R 1(ffffff98)    R 2(fff000e2)    R 3(80400388)  
  R 4(00000014)    R 5(0000000a)    R 6(00000006)    R 7(fcf0fdef)  
  R 8(00000008)    R 9(ffffff89)    R10(00000011)    R11(0000000a)  
  R12(0000ff12)    R13(00000014)    R14(00000014)    R15(00000015)  
  R16(00000016)    R17(00fe0117)    R18(00fe0118)    R19(00fe0119)  
  R20(00fe0220)    R21(00fe0321)    R22(00fe0322)    R23(00ff0423)  
  R24(00ff0524)    R25(00ff0625)    R26(00ff0726)    R27(00ff0727)  
  R28(00f70728)    R29(00000029)    R30(00000030)    R31(00000031)  
=======================================================================

------------------------
IFU : mem=0x4456000
IFU : pc= 2d at CSIM 313 ns
------------------------
			-------------------------------
			ID: R4=R5(=10)-R6(=6) 
			  : at CSIM 315 ns
			-------------------------------
							-------------------------------
							ALU : op= 4 A= 10 B= 6
							ALU : R= 4-> R4 at CSIM 317 ns
							-------------------------------
			-------------------------------
			ID: R4=0x4(4) fr ALU at CSIM 318 ns
			-------------------------------
------------------------
IFU : mem=0x0
IFU : pc= 2e at CSIM 320 ns
------------------------
			-------------------------------


			*******************************
			ID: REGISTERS DUMP at CSIM 322 ns
			*******************************
REG :==================================================================
  R 0(00000000)    R 1(ffffff98)    R 2(fff000e2)    R 3(80400388)  
  R 4(00000004)    R 5(0000000a)    R 6(00000006)    R 7(fcf0fdef)  
  R 8(00000008)    R 9(ffffff89)    R10(00000011)    R11(0000000a)  
  R12(0000ff12)    R13(00000014)    R14(00000014)    R15(00000015)  
  R16(00000016)    R17(00fe0117)    R18(00fe0118)    R19(00fe0119)  
  R20(00fe0220)    R21(00fe0321)    R22(00fe0322)    R23(00ff0423)  
  R24(00ff0524)    R25(00ff0625)    R26(00ff0726)    R27(00ff0727)  
  R28(00f70728)    R29(00000029)    R30(00000030)    R31(00000031)  
=======================================================================

------------------------
IFU : mem=0x10440002
IFU : pc= 2f at CSIM 327 ns
------------------------
			-------------------------------
			ID: beq R4(=4), R4(=4), pc+=(2).
			ID: at CSIM 329 ns
			-------------------------------
							-------------------------------
							ALU : op= 3 A= 0 B= 0
							ALU : R= 0-> R0 at CSIM 331 ns
							-------------------------------
			-------------------------------
			ID: R0=0x0(0) fr ALU at CSIM 332 ns
			-------------------------------
------------------------
IFU : mem=0x0
IFU : pc= 30 at CSIM 334 ns
------------------------
IFU ALERT: **BRANCH**
			-------------------------------


			*******************************
			ID: REGISTERS DUMP at CSIM 336 ns
			*******************************
REG :==================================================================
  R 0(00000000)    R 1(ffffff98)    R 2(fff000e2)    R 3(80400388)  
  R 4(00000004)    R 5(0000000a)    R 6(00000006)    R 7(fcf0fdef)  
  R 8(00000008)    R 9(ffffff89)    R10(00000011)    R11(0000000a)  
  R12(0000ff12)    R13(00000014)    R14(00000014)    R15(00000015)  
  R16(00000016)    R17(00fe0117)    R18(00fe0118)    R19(00fe0119)  
  R20(00fe0220)    R21(00fe0321)    R22(00fe0322)    R23(00ff0423)  
  R24(00ff0524)    R25(00ff0625)    R26(00ff0726)    R27(00ff0727)  
  R28(00f70728)    R29(00000029)    R30(00000030)    R31(00000031)  
=======================================================================

------------------------
IFU : mem=0x0
IFU : pc= 30 at CSIM 341 ns
------------------------
			-------------------------------


			*******************************
			ID: REGISTERS DUMP at CSIM 343 ns
			*******************************
REG :==================================================================
  R 0(00000000)    R 1(ffffff98)    R 2(fff000e2)    R 3(80400388)  
  R 4(00000004)    R 5(0000000a)    R 6(00000006)    R 7(fcf0fdef)  
  R 8(00000008)    R 9(ffffff89)    R10(00000011)    R11(0000000a)  
  R12(0000ff12)    R13(00000014)    R14(00000014)    R15(00000015)  
  R16(00000016)    R17(00fe0117)    R18(00fe0118)    R19(00fe0119)  
  R20(00fe0220)    R21(00fe0321)    R22(00fe0322)    R23(00ff0423)  
  R24(00ff0524)    R25(00ff0625)    R26(00ff0726)    R27(00ff0727)  
  R28(00f70728)    R29(00000029)    R30(00000030)    R31(00000031)  
=======================================================================

IFU ALERT: **BRANCH**
------------------------
IFU : mem=0x0
IFU : pc= 30 at CSIM 349 ns
------------------------
			-------------------------------
			ID: clear branch at CSIM 350 ns
			-------------------------------
			-------------------------------


			*******************************
			ID: REGISTERS DUMP at CSIM 351 ns
			*******************************
REG :==================================================================
  R 0(00000000)    R 1(ffffff98)    R 2(fff000e2)    R 3(80400388)  
  R 4(00000004)    R 5(0000000a)    R 6(00000006)    R 7(fcf0fdef)  
  R 8(00000008)    R 9(ffffff89)    R10(00000011)    R11(0000000a)  
  R12(0000ff12)    R13(00000014)    R14(00000014)    R15(00000015)  
  R16(00000016)    R17(00fe0117)    R18(00fe0118)    R19(00fe0119)  
  R20(00fe0220)    R21(00fe0321)    R22(00fe0322)    R23(00ff0423)  
  R24(00ff0524)    R25(00ff0625)    R26(00ff0726)    R27(00ff0727)  
  R28(00f70728)    R29(00000029)    R30(00000030)    R31(00000031)  
=======================================================================

------------------------
IFU : mem=0xd460000
IFU : pc= 31 at CSIM 356 ns
------------------------
			-------------------------------
			ID: R4= NOT R6(=6) 
			  : at CSIM 358 ns
			-------------------------------
							-------------------------------
							ALU : op= 11 A= 6 B= 0
							ALU : R= -7-> R4 at CSIM 360 ns
							-------------------------------
			-------------------------------
			ID: R4=0xfffffff9(-7) fr ALU at CSIM 361 ns
			-------------------------------
------------------------
IFU : mem=0x0
IFU : pc= 32 at CSIM 363 ns
------------------------
			-------------------------------


			*******************************
			ID: REGISTERS DUMP at CSIM 365 ns
			*******************************
REG :==================================================================
  R 0(00000000)    R 1(ffffff98)    R 2(fff000e2)    R 3(80400388)  
  R 4(fffffff9)    R 5(0000000a)    R 6(00000006)    R 7(fcf0fdef)  
  R 8(00000008)    R 9(ffffff89)    R10(00000011)    R11(0000000a)  
  R12(0000ff12)    R13(00000014)    R14(00000014)    R15(00000015)  
  R16(00000016)    R17(00fe0117)    R18(00fe0118)    R19(00fe0119)  
  R20(00fe0220)    R21(00fe0321)    R22(00fe0322)    R23(00ff0423)  
  R24(00ff0524)    R25(00ff0625)    R26(00ff0726)    R27(00ff0727)  
  R28(00f70728)    R29(00000029)    R30(00000030)    R31(00000031)  
=======================================================================

------------------------
IFU : mem=0x9adf000
IFU : pc= 33 at CSIM 370 ns
------------------------
			-------------------------------
			ID: R10=R13(=14) nand R15(=15) 
			  : at CSIM 372 ns
			-------------------------------
							-------------------------------
							ALU : op= 7 A= 20 B= 21
							ALU : R= -21-> R10 at CSIM 374 ns
							-------------------------------
			-------------------------------
			ID: R10=0xffffffeb(-21) fr ALU at CSIM 375 ns
			-------------------------------
------------------------
IFU : mem=0x0
IFU : pc= 34 at CSIM 377 ns
------------------------
			-------------------------------


			*******************************
			ID: REGISTERS DUMP at CSIM 379 ns
			*******************************
REG :==================================================================
  R 0(00000000)    R 1(ffffff98)    R 2(fff000e2)    R 3(80400388)  
  R 4(fffffff9)    R 5(0000000a)    R 6(00000006)    R 7(fcf0fdef)  
  R 8(00000008)    R 9(ffffff89)    R10(ffffffeb)    R11(0000000a)  
  R12(0000ff12)    R13(00000014)    R14(00000014)    R15(00000015)  
  R16(00000016)    R17(00fe0117)    R18(00fe0118)    R19(00fe0119)  
  R20(00fe0220)    R21(00fe0321)    R22(00fe0322)    R23(00ff0423)  
  R24(00ff0524)    R25(00ff0625)    R26(00ff0726)    R27(00ff0727)  
  R28(00f70728)    R29(00000029)    R30(00000030)    R31(00000031)  
=======================================================================

------------------------
IFU : mem=0x32dbb000
IFU : pc= 35 at CSIM 384 ns
------------------------
			-------------------------------
			ID: MR13=MR11(=a)+MR11(=a) Sat 
			  : at CSIM 386 ns
			-------------------------------
							-------------------------------
							MMX : op= PADDS A=0x a B=0x a
							MMX : C=0x 14-> Rd at CSIM 388 ns
							-------------------------------
			-------------------------------
			ID: R13=0x14 fr MMX at CSIM 389 ns
			-------------------------------
------------------------
IFU : mem=0x0
IFU : pc= 36 at CSIM 391 ns
------------------------
			-------------------------------


			*******************************
			ID: REGISTERS DUMP at CSIM 393 ns
			*******************************
REG :==================================================================
  R 0(00000000)    R 1(ffffff98)    R 2(fff000e2)    R 3(80400388)  
  R 4(fffffff9)    R 5(0000000a)    R 6(00000006)    R 7(fcf0fdef)  
  R 8(00000008)    R 9(ffffff89)    R10(ffffffeb)    R11(0000000a)  
  R12(0000ff12)    R13(00000014)    R14(00000014)    R15(00000015)  
  R16(00000016)    R17(00fe0117)    R18(00fe0118)    R19(00fe0119)  
  R20(00fe0220)    R21(00fe0321)    R22(00fe0322)    R23(00ff0423)  
  R24(00ff0524)    R25(00ff0625)    R26(00ff0726)    R27(00ff0727)  
  R28(00f70728)    R29(00000029)    R30(00000030)    R31(00000031)  
=======================================================================

------------------------
IFU : mem=0xabef000
IFU : pc= 37 at CSIM 398 ns
------------------------
			-------------------------------
			ID: R11=R14(=14) and R15(=15) 
			  : at CSIM 400 ns
			-------------------------------
							-------------------------------
							ALU : op= 8 A= 20 B= 21
							ALU : R= 20-> R11 at CSIM 402 ns
							-------------------------------
			-------------------------------
			ID: R11=0x14(20) fr ALU at CSIM 403 ns
			-------------------------------
------------------------
IFU : mem=0x0
IFU : pc= 38 at CSIM 405 ns
------------------------
			-------------------------------


			*******************************
			ID: REGISTERS DUMP at CSIM 407 ns
			*******************************
REG :==================================================================
  R 0(00000000)    R 1(ffffff98)    R 2(fff000e2)    R 3(80400388)  
  R 4(fffffff9)    R 5(0000000a)    R 6(00000006)    R 7(fcf0fdef)  
  R 8(00000008)    R 9(ffffff89)    R10(ffffffeb)    R11(00000014)  
  R12(0000ff12)    R13(00000014)    R14(00000014)    R15(00000015)  
  R16(00000016)    R17(00fe0117)    R18(00fe0118)    R19(00fe0119)  
  R20(00fe0220)    R21(00fe0321)    R22(00fe0322)    R23(00ff0423)  
  R24(00ff0524)    R25(00ff0625)    R26(00ff0726)    R27(00ff0727)  
  R28(00f70728)    R29(00000029)    R30(00000030)    R31(00000031)  
=======================================================================

------------------------
IFU : mem=0x339a3000
IFU : pc= 39 at CSIM 412 ns
------------------------
			-------------------------------
			ID: MR9=MR10(=ffffffeb)-MR3(=80400388) 
			  : at CSIM 414 ns
			-------------------------------
							-------------------------------
							MMX : op= PSUB A=0x ffffffeb B=0x 80400388
							MMX : C=0x 7fbffc63-> R9 at CSIM 416 ns
							-------------------------------
			-------------------------------
			ID: R9=0x7fbffc63 fr MMX at CSIM 417 ns
			-------------------------------
------------------------
IFU : mem=0x0
IFU : pc= 3a at CSIM 419 ns
------------------------
			-------------------------------


			*******************************
			ID: REGISTERS DUMP at CSIM 421 ns
			*******************************
REG :==================================================================
  R 0(00000000)    R 1(ffffff98)    R 2(fff000e2)    R 3(80400388)  
  R 4(fffffff9)    R 5(0000000a)    R 6(00000006)    R 7(fcf0fdef)  
  R 8(00000008)    R 9(7fbffc63)    R10(ffffffeb)    R11(00000014)  
  R12(0000ff12)    R13(00000014)    R14(00000014)    R15(00000015)  
  R16(00000016)    R17(00fe0117)    R18(00fe0118)    R19(00fe0119)  
  R20(00fe0220)    R21(00fe0321)    R22(00fe0322)    R23(00ff0423)  
  R24(00ff0524)    R25(00ff0625)    R26(00ff0726)    R27(00ff0727)  
  R28(00f70728)    R29(00000029)    R30(00000030)    R31(00000031)  
=======================================================================

------------------------
IFU : mem=0x71a1000
IFU : pc= 3b at CSIM 426 ns
------------------------
			-------------------------------
			ID: R1=R10(=-21)*R1(=-104) 
			  : at CSIM 428 ns
			-------------------------------
							-------------------------------
							ALU : op= 5 A= -21 B= -104
							ALU : R= 2184-> R1 at CSIM 431 ns
							-------------------------------
			-------------------------------
			ID: R1=0x888(2184) fr ALU at CSIM 432 ns
			-------------------------------
------------------------
IFU : mem=0x0
IFU : pc= 3c at CSIM 433 ns
------------------------
			-------------------------------


			*******************************
			ID: REGISTERS DUMP at CSIM 435 ns
			*******************************
REG :==================================================================
  R 0(00000000)    R 1(00000888)    R 2(fff000e2)    R 3(80400388)  
  R 4(fffffff9)    R 5(0000000a)    R 6(00000006)    R 7(fcf0fdef)  
  R 8(00000008)    R 9(7fbffc63)    R10(ffffffeb)    R11(00000014)  
  R12(0000ff12)    R13(00000014)    R14(00000014)    R15(00000015)  
  R16(00000016)    R17(00fe0117)    R18(00fe0118)    R19(00fe0119)  
  R20(00fe0220)    R21(00fe0321)    R22(00fe0322)    R23(00ff0423)  
  R24(00ff0524)    R25(00ff0625)    R26(00ff0726)    R27(00ff0727)  
  R28(00f70728)    R29(00000029)    R30(00000030)    R31(00000031)  
=======================================================================

------------------------
IFU : mem=0x29322000
IFU : pc= 3d at CSIM 440 ns
------------------------
			-------------------------------
			ID: FR3=FR2(=fff000e2)+FR2(=fff000e2) 
			  : at CSIM 442 ns
			-------------------------------
							-------------------------------
							FPU: A s=0x1, exp=0xff, mant=0x7000e2
							   : B s=0x1, exp=0xff, mant=0x7000e2
							   : exponent difference = 0
							-------------------------------
							-------------------------------
							FPU: After Alignment
							FPU: A s=0x1, exp=0xff, mant=0x7000e2
							   : B s=0x1, exp=0xff, mant=0x7000e2
							-------------------------------
							-------------------------------
							FPU: Result   Sign=0x1.
							   : Result   Mantissa=0xe001c4.
							   : Result   Exponent=0x100.
							   : Overflow Mantissa=0x1.
							   : FADD FPU Output =0x80400388.
							   : at CSIM 445 ns
							-------------------------------
			-------------------------------
			ID: R3=0x80400388 fr MMX at CSIM 446 ns
			-------------------------------
------------------------
IFU : mem=0x0
IFU : pc= 3e at CSIM 447 ns
------------------------
			-------------------------------


			*******************************
			ID: REGISTERS DUMP at CSIM 449 ns
			*******************************
REG :==================================================================
  R 0(00000000)    R 1(00000888)    R 2(fff000e2)    R 3(80400388)  
  R 4(fffffff9)    R 5(0000000a)    R 6(00000006)    R 7(fcf0fdef)  
  R 8(00000008)    R 9(7fbffc63)    R10(ffffffeb)    R11(00000014)  
  R12(0000ff12)    R13(00000014)    R14(00000014)    R15(00000015)  
  R16(00000016)    R17(00fe0117)    R18(00fe0118)    R19(00fe0119)  
  R20(00fe0220)    R21(00fe0321)    R22(00fe0322)    R23(00ff0423)  
  R24(00ff0524)    R25(00ff0625)    R26(00ff0726)    R27(00ff0727)  
  R28(00f70728)    R29(00000029)    R30(00000030)    R31(00000031)  
=======================================================================

------------------------
IFU : mem=0xf1b0000a
IFU : pc= 3f at CSIM 454 ns
------------------------
			-------------------------------
			ID: R11=10 at CSIM 456 ns
			-------------------------------
							-------------------------------
							ALU : op= 3 A= 10 B= 0
							ALU : R= 10-> R11 at CSIM 458 ns
							-------------------------------
			-------------------------------
			ID: R11=0xa(10) fr ALU at CSIM 459 ns
			-------------------------------
------------------------
IFU : mem=0x0
IFU : pc= 40 at CSIM 461 ns
------------------------
			-------------------------------


			*******************************
			ID: REGISTERS DUMP at CSIM 463 ns
			*******************************
REG :==================================================================
  R 0(00000000)    R 1(00000888)    R 2(fff000e2)    R 3(80400388)  
  R 4(fffffff9)    R 5(0000000a)    R 6(00000006)    R 7(fcf0fdef)  
  R 8(00000008)    R 9(7fbffc63)    R10(ffffffeb)    R11(0000000a)  
  R12(0000ff12)    R13(00000014)    R14(00000014)    R15(00000015)  
  R16(00000016)    R17(00fe0117)    R18(00fe0118)    R19(00fe0119)  
  R20(00fe0220)    R21(00fe0321)    R22(00fe0322)    R23(00ff0423)  
  R24(00ff0524)    R25(00ff0625)    R26(00ff0726)    R27(00ff0727)  
  R28(00f70728)    R29(00000029)    R30(00000030)    R31(00000031)  
=======================================================================

------------------------
IFU : mem=0x2babb000
IFU : pc= 41 at CSIM 468 ns
------------------------
			-------------------------------
			ID: FR10=FR11(=a)*FR11(=a) 
			  : at CSIM 470 ns
			-------------------------------
							-------------------------------
							FPU: A s=0x0, exp=0x0, mant=0xa
							   : B s=0x0, exp=0x0, mant=0xa
							   : exponent difference = 0
							-------------------------------
							-------------------------------
							FPU: After Alignment
							FPU: A s=0x0, exp=0x0, mant=0xa
							   : B s=0x0, exp=0x0, mant=0xa
							-------------------------------
							-------------------------------
							FPU: Result   Sign=0x0.
							   : Result   Mantissa=0x64.
							   : Result   Exponent=0x0.
							   : Overflow Mantissa=0x0.
							   : FMUL FPU Output =0x64.
							   : at CSIM 473 ns
							-------------------------------
			-------------------------------
			ID: R10=0x64 fr MMX at CSIM 474 ns
			-------------------------------
------------------------
IFU : mem=0x0
IFU : pc= 42 at CSIM 475 ns
------------------------
			-------------------------------


			*******************************
			ID: REGISTERS DUMP at CSIM 477 ns
			*******************************
REG :==================================================================
  R 0(00000000)    R 1(00000888)    R 2(fff000e2)    R 3(80400388)  
  R 4(fffffff9)    R 5(0000000a)    R 6(00000006)    R 7(fcf0fdef)  
  R 8(00000008)    R 9(7fbffc63)    R10(00000064)    R11(0000000a)  
  R12(0000ff12)    R13(00000014)    R14(00000014)    R15(00000015)  
  R16(00000016)    R17(00fe0117)    R18(00fe0118)    R19(00fe0119)  
  R20(00fe0220)    R21(00fe0321)    R22(00fe0322)    R23(00ff0423)  
  R24(00ff0524)    R25(00ff0625)    R26(00ff0726)    R27(00ff0727)  
  R28(00f70728)    R29(00000029)    R30(00000030)    R31(00000031)  
=======================================================================

------------------------
IFU : mem=0x10440002
IFU : pc= 43 at CSIM 482 ns
------------------------
			-------------------------------
			ID: beq R4(=-7), R4(=-7), pc+=(2).
			ID: at CSIM 484 ns
			-------------------------------
							-------------------------------
							ALU : op= 3 A= 0 B= 0
							ALU : R= 0-> R0 at CSIM 486 ns
							-------------------------------
			-------------------------------
			ID: R0=0x0(0) fr ALU at CSIM 487 ns
			-------------------------------
------------------------
IFU : mem=0x0
IFU : pc= 44 at CSIM 489 ns
------------------------
IFU ALERT: **BRANCH**
			-------------------------------


			*******************************
			ID: REGISTERS DUMP at CSIM 491 ns
			*******************************
REG :==================================================================
  R 0(00000000)    R 1(00000888)    R 2(fff000e2)    R 3(80400388)  
  R 4(fffffff9)    R 5(0000000a)    R 6(00000006)    R 7(fcf0fdef)  
  R 8(00000008)    R 9(7fbffc63)    R10(00000064)    R11(0000000a)  
  R12(0000ff12)    R13(00000014)    R14(00000014)    R15(00000015)  
  R16(00000016)    R17(00fe0117)    R18(00fe0118)    R19(00fe0119)  
  R20(00fe0220)    R21(00fe0321)    R22(00fe0322)    R23(00ff0423)  
  R24(00ff0524)    R25(00ff0625)    R26(00ff0726)    R27(00ff0727)  
  R28(00f70728)    R29(00000029)    R30(00000030)    R31(00000031)  
=======================================================================

------------------------
IFU : mem=0x0
IFU : pc= 44 at CSIM 496 ns
------------------------
			-------------------------------


			*******************************
			ID: REGISTERS DUMP at CSIM 498 ns
			*******************************
REG :==================================================================
  R 0(00000000)    R 1(00000888)    R 2(fff000e2)    R 3(80400388)  
  R 4(fffffff9)    R 5(0000000a)    R 6(00000006)    R 7(fcf0fdef)  
  R 8(00000008)    R 9(7fbffc63)    R10(00000064)    R11(0000000a)  
  R12(0000ff12)    R13(00000014)    R14(00000014)    R15(00000015)  
  R16(00000016)    R17(00fe0117)    R18(00fe0118)    R19(00fe0119)  
  R20(00fe0220)    R21(00fe0321)    R22(00fe0322)    R23(00ff0423)  
  R24(00ff0524)    R25(00ff0625)    R26(00ff0726)    R27(00ff0727)  
  R28(00f70728)    R29(00000029)    R30(00000030)    R31(00000031)  
=======================================================================

IFU ALERT: **BRANCH**
------------------------
IFU : mem=0x0
IFU : pc= 44 at CSIM 504 ns
------------------------
			-------------------------------
			ID: clear branch at CSIM 505 ns
			-------------------------------
			-------------------------------


			*******************************
			ID: REGISTERS DUMP at CSIM 506 ns
			*******************************
REG :==================================================================
  R 0(00000000)    R 1(00000888)    R 2(fff000e2)    R 3(80400388)  
  R 4(fffffff9)    R 5(0000000a)    R 6(00000006)    R 7(fcf0fdef)  
  R 8(00000008)    R 9(7fbffc63)    R10(00000064)    R11(0000000a)  
  R12(0000ff12)    R13(00000014)    R14(00000014)    R15(00000015)  
  R16(00000016)    R17(00fe0117)    R18(00fe0118)    R19(00fe0119)  
  R20(00fe0220)    R21(00fe0321)    R22(00fe0322)    R23(00ff0423)  
  R24(00ff0524)    R25(00ff0625)    R26(00ff0726)    R27(00ff0727)  
  R28(00f70728)    R29(00000029)    R30(00000030)    R31(00000031)  
=======================================================================

------------------------
IFU : mem=0xcde1000
IFU : pc= 45 at CSIM 511 ns
------------------------
			-------------------------------
			ID: R13=R14(=14) xor R1(=888) 
			  : at CSIM 513 ns
			-------------------------------
							-------------------------------
							ALU : op= 10 A= 20 B= 2184
							ALU : R= 2204-> R13 at CSIM 515 ns
							-------------------------------
			-------------------------------
			ID: R13=0x89c(2204) fr ALU at CSIM 516 ns
			-------------------------------
------------------------
IFU : mem=0x0
IFU : pc= 46 at CSIM 518 ns
------------------------
			-------------------------------


			*******************************
			ID: REGISTERS DUMP at CSIM 520 ns
			*******************************
REG :==================================================================
  R 0(00000000)    R 1(00000888)    R 2(fff000e2)    R 3(80400388)  
  R 4(fffffff9)    R 5(0000000a)    R 6(00000006)    R 7(fcf0fdef)  
  R 8(00000008)    R 9(7fbffc63)    R10(00000064)    R11(0000000a)  
  R12(0000ff12)    R13(0000089c)    R14(00000014)    R15(00000015)  
  R16(00000016)    R17(00fe0117)    R18(00fe0118)    R19(00fe0119)  
  R20(00fe0220)    R21(00fe0321)    R22(00fe0322)    R23(00ff0423)  
  R24(00ff0524)    R25(00ff0625)    R26(00ff0726)    R27(00ff0727)  
  R28(00f70728)    R29(00000029)    R30(00000030)    R31(00000031)  
=======================================================================

------------------------
IFU : mem=0x8113000
IFU : pc= 47 at CSIM 525 ns
------------------------
			-------------------------------
			ID: R1=R1(=2184)/R3(=-2143288440) 
			  : at CSIM 527 ns
			-------------------------------
							-------------------------------
							ALU : op= 6 A= 2184 B= -2143288440
							ALU : R= 0-> R1 at CSIM 530 ns
							-------------------------------
			-------------------------------
			ID: R1=0x0(0) fr ALU at CSIM 531 ns
			-------------------------------
------------------------
IFU : mem=0x0
IFU : pc= 48 at CSIM 532 ns
------------------------
			-------------------------------


			*******************************
			ID: REGISTERS DUMP at CSIM 534 ns
			*******************************
REG :==================================================================
  R 0(00000000)    R 1(00000000)    R 2(fff000e2)    R 3(80400388)  
  R 4(fffffff9)    R 5(0000000a)    R 6(00000006)    R 7(fcf0fdef)  
  R 8(00000008)    R 9(7fbffc63)    R10(00000064)    R11(0000000a)  
  R12(0000ff12)    R13(0000089c)    R14(00000014)    R15(00000015)  
  R16(00000016)    R17(00fe0117)    R18(00fe0118)    R19(00fe0119)  
  R20(00fe0220)    R21(00fe0321)    R22(00fe0322)    R23(00ff0423)  
  R24(00ff0524)    R25(00ff0625)    R26(00ff0726)    R27(00ff0727)  
  R28(00f70728)    R29(00000029)    R30(00000030)    R31(00000031)  
=======================================================================

------------------------
IFU : mem=0x353be000
IFU : pc= 49 at CSIM 539 ns
------------------------
			-------------------------------
			ID: MR3=MR11(=a) ,MR14(=14) PMADD 
			  : at CSIM 541 ns
			-------------------------------
							-------------------------------
							MMX : op= PMADD A=0x a B=0x 14
							MMX : C=0x c8-> R3 at CSIM 543 ns
							-------------------------------
			-------------------------------
			ID: R3=0xc8 fr MMX at CSIM 544 ns
			-------------------------------
------------------------
IFU : mem=0x0
IFU : pc= 4a at CSIM 546 ns
------------------------
			-------------------------------


			*******************************
			ID: REGISTERS DUMP at CSIM 548 ns
			*******************************
REG :==================================================================
  R 0(00000000)    R 1(00000000)    R 2(fff000e2)    R 3(000000c8)  
  R 4(fffffff9)    R 5(0000000a)    R 6(00000006)    R 7(fcf0fdef)  
  R 8(00000008)    R 9(7fbffc63)    R10(00000064)    R11(0000000a)  
  R12(0000ff12)    R13(0000089c)    R14(00000014)    R15(00000015)  
  R16(00000016)    R17(00fe0117)    R18(00fe0118)    R19(00fe0119)  
  R20(00fe0220)    R21(00fe0321)    R22(00fe0322)    R23(00ff0423)  
  R24(00ff0524)    R25(00ff0625)    R26(00ff0726)    R27(00ff0727)  
  R28(00f70728)    R29(00000029)    R30(00000030)    R31(00000031)  
=======================================================================

------------------------
IFU : mem=0x37114000
IFU : pc= 4b at CSIM 553 ns
------------------------
			-------------------------------
			ID: MR1=MR1(=0) mmxck MR4(=fffffff9) 
			  : at CSIM 555 ns
			-------------------------------
							-------------------------------
							MMX : op= MMXCK A=0x 0 B=0x fffffff9
							MMX : C=0x 0-> R1 at CSIM 557 ns
							-------------------------------
			-------------------------------
			ID: R1=0x0 fr MMX at CSIM 558 ns
			-------------------------------
------------------------
IFU : mem=0x0
IFU : pc= 4c at CSIM 560 ns
------------------------
			-------------------------------


			*******************************
			ID: REGISTERS DUMP at CSIM 562 ns
			*******************************
REG :==================================================================
  R 0(00000000)    R 1(00000000)    R 2(fff000e2)    R 3(000000c8)  
  R 4(fffffff9)    R 5(0000000a)    R 6(00000006)    R 7(fcf0fdef)  
  R 8(00000008)    R 9(7fbffc63)    R10(00000064)    R11(0000000a)  
  R12(0000ff12)    R13(0000089c)    R14(00000014)    R15(00000015)  
  R16(00000016)    R17(00fe0117)    R18(00fe0118)    R19(00fe0119)  
  R20(00fe0220)    R21(00fe0321)    R22(00fe0322)    R23(00ff0423)  
  R24(00ff0524)    R25(00ff0625)    R26(00ff0726)    R27(00ff0727)  
  R28(00f70728)    R29(00000029)    R30(00000030)    R31(00000031)  
=======================================================================

------------------------
IFU : mem=0xf1b00008
IFU : pc= 4d at CSIM 567 ns
------------------------
			-------------------------------
			ID: R11=8 at CSIM 569 ns
			-------------------------------
							-------------------------------
							ALU : op= 3 A= 8 B= 0
							ALU : R= 8-> R11 at CSIM 571 ns
							-------------------------------
			-------------------------------
			ID: R11=0x8(8) fr ALU at CSIM 572 ns
			-------------------------------
------------------------
IFU : mem=0x0
IFU : pc= 4e at CSIM 574 ns
------------------------
			-------------------------------


			*******************************
			ID: REGISTERS DUMP at CSIM 576 ns
			*******************************
REG :==================================================================
  R 0(00000000)    R 1(00000000)    R 2(fff000e2)    R 3(000000c8)  
  R 4(fffffff9)    R 5(0000000a)    R 6(00000006)    R 7(fcf0fdef)  
  R 8(00000008)    R 9(7fbffc63)    R10(00000064)    R11(00000008)  
  R12(0000ff12)    R13(0000089c)    R14(00000014)    R15(00000015)  
  R16(00000016)    R17(00fe0117)    R18(00fe0118)    R19(00fe0119)  
  R20(00fe0220)    R21(00fe0321)    R22(00fe0322)    R23(00ff0423)  
  R24(00ff0524)    R25(00ff0625)    R26(00ff0726)    R27(00ff0727)  
  R28(00f70728)    R29(00000029)    R30(00000030)    R31(00000031)  
=======================================================================

------------------------
IFU : mem=0xf1c00004
IFU : pc= 4f at CSIM 581 ns
------------------------
			-------------------------------
			ID: R12=4 at CSIM 583 ns
			-------------------------------
							-------------------------------
							ALU : op= 3 A= 4 B= 0
							ALU : R= 4-> R12 at CSIM 585 ns
							-------------------------------
			-------------------------------
			ID: R12=0x4(4) fr ALU at CSIM 586 ns
			-------------------------------
------------------------
IFU : mem=0x0
IFU : pc= 50 at CSIM 588 ns
------------------------
			-------------------------------


			*******************************
			ID: REGISTERS DUMP at CSIM 590 ns
			*******************************
REG :==================================================================
  R 0(00000000)    R 1(00000000)    R 2(fff000e2)    R 3(000000c8)  
  R 4(fffffff9)    R 5(0000000a)    R 6(00000006)    R 7(fcf0fdef)  
  R 8(00000008)    R 9(7fbffc63)    R10(00000064)    R11(00000008)  
  R12(00000004)    R13(0000089c)    R14(00000014)    R15(00000015)  
  R16(00000016)    R17(00fe0117)    R18(00fe0118)    R19(00fe0119)  
  R20(00fe0220)    R21(00fe0321)    R22(00fe0322)    R23(00ff0423)  
  R24(00ff0524)    R25(00ff0625)    R26(00ff0726)    R27(00ff0727)  
  R28(00f70728)    R29(00000029)    R30(00000030)    R31(00000031)  
=======================================================================

------------------------
IFU : mem=0x2cdbc000
IFU : pc= 51 at CSIM 595 ns
------------------------
			-------------------------------
			ID: FR13=FR11(=8)/FR12(=4) 
			  : at CSIM 597 ns
			-------------------------------
							-------------------------------
							FPU: A s=0x0, exp=0x0, mant=0x8
							   : B s=0x0, exp=0x0, mant=0x4
							   : exponent difference = 0
							-------------------------------
							-------------------------------
							FPU: After Alignment
							FPU: A s=0x0, exp=0x0, mant=0x8
							   : B s=0x0, exp=0x0, mant=0x4
							-------------------------------
							-------------------------------
							FPU: Result   Sign=0x0.
							   : Result   Mantissa=0x2.
							   : Result   Exponent=0x0.
							   : Overflow Mantissa=0x0.
							   : FDIV FPU Output =0x2.
							   : at CSIM 600 ns
							-------------------------------
			-------------------------------
			ID: R13=0x2 fr MMX at CSIM 601 ns
			-------------------------------
------------------------
IFU : mem=0x0
IFU : pc= 52 at CSIM 602 ns
------------------------
			-------------------------------


			*******************************
			ID: REGISTERS DUMP at CSIM 604 ns
			*******************************
REG :==================================================================
  R 0(00000000)    R 1(00000000)    R 2(fff000e2)    R 3(000000c8)  
  R 4(fffffff9)    R 5(0000000a)    R 6(00000006)    R 7(fcf0fdef)  
  R 8(00000008)    R 9(7fbffc63)    R10(00000064)    R11(00000008)  
  R12(00000004)    R13(00000002)    R14(00000014)    R15(00000015)  
  R16(00000016)    R17(00fe0117)    R18(00fe0118)    R19(00fe0119)  
  R20(00fe0220)    R21(00fe0321)    R22(00fe0322)    R23(00ff0423)  
  R24(00ff0524)    R25(00ff0625)    R26(00ff0726)    R27(00ff0727)  
  R28(00f70728)    R29(00000029)    R30(00000030)    R31(00000031)  
=======================================================================

------------------------
IFU : mem=0x4ed0000a
IFU : pc= 53 at CSIM 609 ns
------------------------
			-------------------------------
			ID: R13=>mem[R0(=0) + 10] 
			  : at CSIM 611 ns
			-------------------------------
------------------------
IFU : mem=0x0
IFU : pc= 54 at CSIM 616 ns
------------------------
			-------------------------------


			*******************************
			ID: REGISTERS DUMP at CSIM 618 ns
			*******************************
REG :==================================================================
  R 0(00000000)    R 1(00000000)    R 2(fff000e2)    R 3(000000c8)  
  R 4(fffffff9)    R 5(0000000a)    R 6(00000006)    R 7(fcf0fdef)  
  R 8(00000008)    R 9(7fbffc63)    R10(00000064)    R11(00000008)  
  R12(00000004)    R13(00000002)    R14(00000014)    R15(00000015)  
  R16(00000016)    R17(00fe0117)    R18(00fe0118)    R19(00fe0119)  
  R20(00fe0220)    R21(00fe0321)    R22(00fe0322)    R23(00ff0423)  
  R24(00ff0524)    R25(00ff0625)    R26(00ff0726)    R27(00ff0727)  
  R28(00f70728)    R29(00000029)    R30(00000030)    R31(00000031)  
=======================================================================

------------------------
IFU : mem=0x433b000
IFU : pc= 55 at CSIM 623 ns
------------------------
			-------------------------------
			ID: R3=R3(=200)-R11(=8) 
			  : at CSIM 625 ns
			-------------------------------
							-------------------------------
							ALU : op= 4 A= 200 B= 8
							ALU : R= 192-> R3 at CSIM 627 ns
							-------------------------------
			-------------------------------
			ID: R3=0xc0(192) fr ALU at CSIM 628 ns
			-------------------------------
------------------------
IFU : mem=0x0
IFU : pc= 56 at CSIM 630 ns
------------------------
			-------------------------------


			*******************************
			ID: REGISTERS DUMP at CSIM 632 ns
			*******************************
REG :==================================================================
  R 0(00000000)    R 1(00000000)    R 2(fff000e2)    R 3(000000c0)  
  R 4(fffffff9)    R 5(0000000a)    R 6(00000006)    R 7(fcf0fdef)  
  R 8(00000008)    R 9(7fbffc63)    R10(00000064)    R11(00000008)  
  R12(00000004)    R13(00000002)    R14(00000014)    R15(00000015)  
  R16(00000016)    R17(00fe0117)    R18(00fe0118)    R19(00fe0119)  
  R20(00fe0220)    R21(00fe0321)    R22(00fe0322)    R23(00ff0423)  
  R24(00ff0524)    R25(00ff0625)    R26(00ff0726)    R27(00ff0727)  
  R28(00f70728)    R29(00000029)    R30(00000030)    R31(00000031)  
=======================================================================

------------------------
IFU : mem=0xe455000
IFU : pc= 57 at CSIM 637 ns
------------------------
			-------------------------------
			ID: R4= R5(=a) mod R5(=a) 
			  : at CSIM 639 ns
			-------------------------------
							-------------------------------
							ALU : op= 14 A= 10 B= 10
							ALU : R= 0-> R4 at CSIM 641 ns
							-------------------------------
			-------------------------------
			ID: R4=0x0(0) fr ALU at CSIM 642 ns
			-------------------------------
------------------------
IFU : mem=0x0
IFU : pc= 58 at CSIM 644 ns
------------------------
			-------------------------------


			*******************************
			ID: REGISTERS DUMP at CSIM 646 ns
			*******************************
REG :==================================================================
  R 0(00000000)    R 1(00000000)    R 2(fff000e2)    R 3(000000c0)  
  R 4(00000000)    R 5(0000000a)    R 6(00000006)    R 7(fcf0fdef)  
  R 8(00000008)    R 9(7fbffc63)    R10(00000064)    R11(00000008)  
  R12(00000004)    R13(00000002)    R14(00000014)    R15(00000015)  
  R16(00000016)    R17(00fe0117)    R18(00fe0118)    R19(00fe0119)  
  R20(00fe0220)    R21(00fe0321)    R22(00fe0322)    R23(00ff0423)  
  R24(00ff0524)    R25(00ff0625)    R26(00ff0726)    R27(00ff0727)  
  R28(00f70728)    R29(00000029)    R30(00000030)    R31(00000031)  
=======================================================================

------------------------
IFU : mem=0x36bdf000
IFU : pc= 59 at CSIM 651 ns
------------------------
			-------------------------------
			ID: MR11=MR13(=2) pack MR15(=15) 
			  : at CSIM 653 ns
			-------------------------------
							-------------------------------
							MMX : op= PACK A=0x 2 B=0x 15
							MMX : C=0x 150002-> Rb at CSIM 655 ns
							-------------------------------
			-------------------------------
			ID: R11=0x150002 fr MMX at CSIM 656 ns
			-------------------------------
------------------------
IFU : mem=0x0
IFU : pc= 5a at CSIM 658 ns
------------------------
			-------------------------------


			*******************************
			ID: REGISTERS DUMP at CSIM 660 ns
			*******************************
REG :==================================================================
  R 0(00000000)    R 1(00000000)    R 2(fff000e2)    R 3(000000c0)  
  R 4(00000000)    R 5(0000000a)    R 6(00000006)    R 7(fcf0fdef)  
  R 8(00000008)    R 9(7fbffc63)    R10(00000064)    R11(00150002)  
  R12(00000004)    R13(00000002)    R14(00000014)    R15(00000015)  
  R16(00000016)    R17(00fe0117)    R18(00fe0118)    R19(00fe0119)  
  R20(00fe0220)    R21(00fe0321)    R22(00fe0322)    R23(00ff0423)  
  R24(00ff0524)    R25(00ff0625)    R26(00ff0726)    R27(00ff0727)  
  R28(00f70728)    R29(00000029)    R30(00000030)    R31(00000031)  
=======================================================================

------------------------
IFU : mem=0x4db00005
IFU : pc= 5b at CSIM 665 ns
------------------------
			-------------------------------
			ID: R11<=mem[R0=(0)+5] 
			  : at CSIM 667 ns
			-------------------------------
------------------------
IFU : mem=0x0
IFU : pc= 5c at CSIM 672 ns
------------------------
			-------------------------------


			*******************************
			ID: REGISTERS DUMP at CSIM 674 ns
			*******************************
REG :==================================================================
  R 0(00000000)    R 1(00000000)    R 2(fff000e2)    R 3(000000c0)  
  R 4(00000000)    R 5(0000000a)    R 6(00000006)    R 7(fcf0fdef)  
  R 8(00000008)    R 9(7fbffc63)    R10(00000064)    R11(00150002)  
  R12(00000004)    R13(00000002)    R14(00000014)    R15(00000015)  
  R16(00000016)    R17(00fe0117)    R18(00fe0118)    R19(00fe0119)  
  R20(00fe0220)    R21(00fe0321)    R22(00fe0322)    R23(00ff0423)  
  R24(00ff0524)    R25(00ff0625)    R26(00ff0726)    R27(00ff0727)  
  R28(00f70728)    R29(00000029)    R30(00000030)    R31(00000031)  
=======================================================================

------------------------
IFU : mem=0xaadf000
IFU : pc= 5d at CSIM 679 ns
------------------------
			-------------------------------
			ID: R10=R13(=2) and R15(=15) 
			  : at CSIM 681 ns
			-------------------------------
							-------------------------------
							ALU : op= 8 A= 2 B= 21
							ALU : R= 0-> R10 at CSIM 683 ns
							-------------------------------
			-------------------------------
			ID: R10=0x0(0) fr ALU at CSIM 684 ns
			-------------------------------
------------------------
IFU : mem=0x0
IFU : pc= 5e at CSIM 686 ns
------------------------
			-------------------------------


			*******************************
			ID: REGISTERS DUMP at CSIM 688 ns
			*******************************
REG :==================================================================
  R 0(00000000)    R 1(00000000)    R 2(fff000e2)    R 3(000000c0)  
  R 4(00000000)    R 5(0000000a)    R 6(00000006)    R 7(fcf0fdef)  
  R 8(00000008)    R 9(7fbffc63)    R10(00000000)    R11(00150002)  
  R12(00000004)    R13(00000002)    R14(00000014)    R15(00000015)  
  R16(00000016)    R17(00fe0117)    R18(00fe0118)    R19(00fe0119)  
  R20(00fe0220)    R21(00fe0321)    R22(00fe0322)    R23(00ff0423)  
  R24(00ff0524)    R25(00ff0625)    R26(00ff0726)    R27(00ff0727)  
  R28(00f70728)    R29(00000029)    R30(00000030)    R31(00000031)  
=======================================================================

------------------------
IFU : mem=0x32dbb000
IFU : pc= 5f at CSIM 693 ns
------------------------
			-------------------------------
			ID: MR13=MR11(=150002)+MR11(=150002) Sat 
			  : at CSIM 695 ns
			-------------------------------
							-------------------------------
							MMX : op= PADDS A=0x 150002 B=0x 150002
							MMX : C=0x 2a0004-> Rd at CSIM 697 ns
							-------------------------------
			-------------------------------
			ID: R13=0x2a0004 fr MMX at CSIM 698 ns
			-------------------------------
------------------------
IFU : mem=0x0
IFU : pc= 60 at CSIM 700 ns
------------------------
			-------------------------------


			*******************************
			ID: REGISTERS DUMP at CSIM 702 ns
			*******************************
REG :==================================================================
  R 0(00000000)    R 1(00000000)    R 2(fff000e2)    R 3(000000c0)  
  R 4(00000000)    R 5(0000000a)    R 6(00000006)    R 7(fcf0fdef)  
  R 8(00000008)    R 9(7fbffc63)    R10(00000000)    R11(00150002)  
  R12(00000004)    R13(002a0004)    R14(00000014)    R15(00000015)  
  R16(00000016)    R17(00fe0117)    R18(00fe0118)    R19(00fe0119)  
  R20(00fe0220)    R21(00fe0321)    R22(00fe0322)    R23(00ff0423)  
  R24(00ff0524)    R25(00ff0625)    R26(00ff0726)    R27(00ff0727)  
  R28(00f70728)    R29(00000029)    R30(00000030)    R31(00000031)  
=======================================================================

------------------------
IFU : mem=0x339a3000
IFU : pc= 61 at CSIM 707 ns
------------------------
			-------------------------------
			ID: MR9=MR10(=0)-MR3(=c0) 
			  : at CSIM 709 ns
			-------------------------------
							-------------------------------
							MMX : op= PSUB A=0x 0 B=0x c0
							MMX : C=0x ffffff40-> R9 at CSIM 711 ns
							-------------------------------
			-------------------------------
			ID: R9=0xffffff40 fr MMX at CSIM 712 ns
			-------------------------------
------------------------
IFU : mem=0x0
IFU : pc= 62 at CSIM 714 ns
------------------------
			-------------------------------


			*******************************
			ID: REGISTERS DUMP at CSIM 716 ns
			*******************************
REG :==================================================================
  R 0(00000000)    R 1(00000000)    R 2(fff000e2)    R 3(000000c0)  
  R 4(00000000)    R 5(0000000a)    R 6(00000006)    R 7(fcf0fdef)  
  R 8(00000008)    R 9(ffffff40)    R10(00000000)    R11(00150002)  
  R12(00000004)    R13(002a0004)    R14(00000014)    R15(00000015)  
  R16(00000016)    R17(00fe0117)    R18(00fe0118)    R19(00fe0119)  
  R20(00fe0220)    R21(00fe0321)    R22(00fe0322)    R23(00ff0423)  
  R24(00ff0524)    R25(00ff0625)    R26(00ff0726)    R27(00ff0727)  
  R28(00f70728)    R29(00000029)    R30(00000030)    R31(00000031)  
=======================================================================

------------------------
IFU : mem=0xfdd0000
IFU : pc= 63 at CSIM 721 ns
------------------------
			-------------------------------
			ID: R13=R13(=2752516) 
			  : at CSIM 723 ns
			-------------------------------
							-------------------------------
							ALU : op= 3 A= 2752516 B= 0
							ALU : R= 2752516-> R13 at CSIM 725 ns
							-------------------------------
			-------------------------------
			ID: R13=0x2a0004(2752516) fr ALU at CSIM 726 ns
			-------------------------------
------------------------
IFU : mem=0x0
IFU : pc= 64 at CSIM 728 ns
------------------------
			-------------------------------


			*******************************
			ID: REGISTERS DUMP at CSIM 730 ns
			*******************************
REG :==================================================================
  R 0(00000000)    R 1(00000000)    R 2(fff000e2)    R 3(000000c0)  
  R 4(00000000)    R 5(0000000a)    R 6(00000006)    R 7(fcf0fdef)  
  R 8(00000008)    R 9(ffffff40)    R10(00000000)    R11(00150002)  
  R12(00000004)    R13(002a0004)    R14(00000014)    R15(00000015)  
  R16(00000016)    R17(00fe0117)    R18(00fe0118)    R19(00fe0119)  
  R20(00fe0220)    R21(00fe0321)    R22(00fe0322)    R23(00ff0423)  
  R24(00ff0524)    R25(00ff0625)    R26(00ff0726)    R27(00ff0727)  
  R28(00f70728)    R29(00000029)    R30(00000030)    R31(00000031)  
=======================================================================

------------------------
IFU : mem=0x4456000
IFU : pc= 65 at CSIM 735 ns
------------------------
			-------------------------------
			ID: R4=R5(=10)-R6(=6) 
			  : at CSIM 737 ns
			-------------------------------
							-------------------------------
							ALU : op= 4 A= 10 B= 6
							ALU : R= 4-> R4 at CSIM 739 ns
							-------------------------------
			-------------------------------
			ID: R4=0x4(4) fr ALU at CSIM 740 ns
			-------------------------------
------------------------
IFU : mem=0x0
IFU : pc= 66 at CSIM 742 ns
------------------------
			-------------------------------


			*******************************
			ID: REGISTERS DUMP at CSIM 744 ns
			*******************************
REG :==================================================================
  R 0(00000000)    R 1(00000000)    R 2(fff000e2)    R 3(000000c0)  
  R 4(00000004)    R 5(0000000a)    R 6(00000006)    R 7(fcf0fdef)  
  R 8(00000008)    R 9(ffffff40)    R10(00000000)    R11(00150002)  
  R12(00000004)    R13(002a0004)    R14(00000014)    R15(00000015)  
  R16(00000016)    R17(00fe0117)    R18(00fe0118)    R19(00fe0119)  
  R20(00fe0220)    R21(00fe0321)    R22(00fe0322)    R23(00ff0423)  
  R24(00ff0524)    R25(00ff0625)    R26(00ff0726)    R27(00ff0727)  
  R28(00f70728)    R29(00000029)    R30(00000030)    R31(00000031)  
=======================================================================

------------------------
IFU : mem=0x9adf000
IFU : pc= 67 at CSIM 749 ns
------------------------
			-------------------------------
			ID: R10=R13(=2a0004) nand R15(=15) 
			  : at CSIM 751 ns
			-------------------------------
							-------------------------------
							ALU : op= 7 A= 2752516 B= 21
							ALU : R= -5-> R10 at CSIM 753 ns
							-------------------------------
			-------------------------------
			ID: R10=0xfffffffb(-5) fr ALU at CSIM 754 ns
			-------------------------------
------------------------
IFU : mem=0x0
IFU : pc= 68 at CSIM 756 ns
------------------------
			-------------------------------


			*******************************
			ID: REGISTERS DUMP at CSIM 758 ns
			*******************************
REG :==================================================================
  R 0(00000000)    R 1(00000000)    R 2(fff000e2)    R 3(000000c0)  
  R 4(00000004)    R 5(0000000a)    R 6(00000006)    R 7(fcf0fdef)  
  R 8(00000008)    R 9(ffffff40)    R10(fffffffb)    R11(00150002)  
  R12(00000004)    R13(002a0004)    R14(00000014)    R15(00000015)  
  R16(00000016)    R17(00fe0117)    R18(00fe0118)    R19(00fe0119)  
  R20(00fe0220)    R21(00fe0321)    R22(00fe0322)    R23(00ff0423)  
  R24(00ff0524)    R25(00ff0625)    R26(00ff0726)    R27(00ff0727)  
  R28(00f70728)    R29(00000029)    R30(00000030)    R31(00000031)  
=======================================================================

------------------------
IFU : mem=0x32dbb000
IFU : pc= 69 at CSIM 763 ns
------------------------
			-------------------------------
			ID: MR13=MR11(=150002)+MR11(=150002) Sat 
			  : at CSIM 765 ns
			-------------------------------
							-------------------------------
							MMX : op= PADDS A=0x 150002 B=0x 150002
							MMX : C=0x 2a0004-> Rd at CSIM 767 ns
							-------------------------------
			-------------------------------
			ID: R13=0x2a0004 fr MMX at CSIM 768 ns
			-------------------------------
------------------------
IFU : mem=0x0
IFU : pc= 6a at CSIM 770 ns
------------------------
			-------------------------------


			*******************************
			ID: REGISTERS DUMP at CSIM 772 ns
			*******************************
REG :==================================================================
  R 0(00000000)    R 1(00000000)    R 2(fff000e2)    R 3(000000c0)  
  R 4(00000004)    R 5(0000000a)    R 6(00000006)    R 7(fcf0fdef)  
  R 8(00000008)    R 9(ffffff40)    R10(fffffffb)    R11(00150002)  
  R12(00000004)    R13(002a0004)    R14(00000014)    R15(00000015)  
  R16(00000016)    R17(00fe0117)    R18(00fe0118)    R19(00fe0119)  
  R20(00fe0220)    R21(00fe0321)    R22(00fe0322)    R23(00ff0423)  
  R24(00ff0524)    R25(00ff0625)    R26(00ff0726)    R27(00ff0727)  
  R28(00f70728)    R29(00000029)    R30(00000030)    R31(00000031)  
=======================================================================

------------------------
IFU : mem=0xabef000
IFU : pc= 6b at CSIM 777 ns
------------------------
			-------------------------------
			ID: R11=R14(=14) and R15(=15) 
			  : at CSIM 779 ns
			-------------------------------
							-------------------------------
							ALU : op= 8 A= 20 B= 21
							ALU : R= 20-> R11 at CSIM 781 ns
							-------------------------------
			-------------------------------
			ID: R11=0x14(20) fr ALU at CSIM 782 ns
			-------------------------------
------------------------
IFU : mem=0x0
IFU : pc= 6c at CSIM 784 ns
------------------------
			-------------------------------


			*******************************
			ID: REGISTERS DUMP at CSIM 786 ns
			*******************************
REG :==================================================================
  R 0(00000000)    R 1(00000000)    R 2(fff000e2)    R 3(000000c0)  
  R 4(00000004)    R 5(0000000a)    R 6(00000006)    R 7(fcf0fdef)  
  R 8(00000008)    R 9(ffffff40)    R10(fffffffb)    R11(00000014)  
  R12(00000004)    R13(002a0004)    R14(00000014)    R15(00000015)  
  R16(00000016)    R17(00fe0117)    R18(00fe0118)    R19(00fe0119)  
  R20(00fe0220)    R21(00fe0321)    R22(00fe0322)    R23(00ff0423)  
  R24(00ff0524)    R25(00ff0625)    R26(00ff0726)    R27(00ff0727)  
  R28(00f70728)    R29(00000029)    R30(00000030)    R31(00000031)  
=======================================================================

------------------------
IFU : mem=0xf130000
IFU : pc= 6d at CSIM 791 ns
------------------------
			-------------------------------
			ID: R1=R3(=192) 
			  : at CSIM 793 ns
			-------------------------------
							-------------------------------
							ALU : op= 3 A= 192 B= 0
							ALU : R= 192-> R1 at CSIM 795 ns
							-------------------------------
			-------------------------------
			ID: R1=0xc0(192) fr ALU at CSIM 796 ns
			-------------------------------
------------------------
IFU : mem=0x0
IFU : pc= 6e at CSIM 798 ns
------------------------
			-------------------------------


			*******************************
			ID: REGISTERS DUMP at CSIM 800 ns
			*******************************
REG :==================================================================
  R 0(00000000)    R 1(000000c0)    R 2(fff000e2)    R 3(000000c0)  
  R 4(00000004)    R 5(0000000a)    R 6(00000006)    R 7(fcf0fdef)  
  R 8(00000008)    R 9(ffffff40)    R10(fffffffb)    R11(00000014)  
  R12(00000004)    R13(002a0004)    R14(00000014)    R15(00000015)  
  R16(00000016)    R17(00fe0117)    R18(00fe0118)    R19(00fe0119)  
  R20(00fe0220)    R21(00fe0321)    R22(00fe0322)    R23(00ff0423)  
  R24(00ff0524)    R25(00ff0625)    R26(00ff0726)    R27(00ff0727)  
  R28(00f70728)    R29(00000029)    R30(00000030)    R31(00000031)  
=======================================================================

------------------------
IFU : mem=0xffffffff
IFU : pc= 6f at CSIM 805 ns
------------------------
			-------------------------------
			ID: - SHUTDOWN - at CSIM 807 ns
			ID: - PLEASE WAIT ...... - 
			-------------------------------



////////////////////////////////////////////////////////////////////////////////

Info: /OSCI/SystemC: Simulation stopped by user.
Time for simulation = 0
